2026-06-18 18:11:18 | INFO    | orchestrator | ======================================================================
2026-06-18 18:11:18 | INFO    | orchestrator | 🚀 PORTFOLIO MODEL UPDATE — started 2026-06-18 18:11:18.609037
2026-06-18 18:11:18 | INFO    | orchestrator |    Mode: all  |  Test: True  |  Template: PERSONALISED_PORTFOLIO_ALLOCATION_MODEL_.xlsx
2026-06-18 18:11:18 | INFO    | orchestrator | ======================================================================
2026-06-18 18:11:18 | INFO    | nifty500 | 📊 Starting Nifty 500 fetch for 5 stocks…
2026-06-18 18:11:23 | WARNING | nifty500 |   ⚠️  No data for Ather Energy Ltd. (ATHER.NS)
2026-06-18 18:11:24 | INFO    | nifty500 | ✅ Nifty 500 done. 5 rows → C:\Users\tejas\OneDrive\Desktop\portfolio-automation\portfolio-automation\output\nifty500_latest.csv
2026-06-18 18:11:24 | INFO    | sp500 | 📊 Starting S&P 500 fetch for 5 tickers…
2026-06-18 18:11:29 | INFO    | sp500 | ✅ S&P 500 done. 5 rows → C:\Users\tejas\OneDrive\Desktop\portfolio-automation\portfolio-automation\output\sp500_latest.csv
2026-06-18 18:11:29 | INFO    | mutual_funds | 🚀 Starting EQUITY MF fetch…
2026-06-18 18:11:29 | INFO    | mutual_funds | 📥 Downloading AMFI NAV master file…
2026-06-18 18:11:30 | INFO    | mutual_funds |    AMFI: parsed 14215 schemes
2026-06-18 18:11:30 | INFO    | mutual_funds | 🔗 Matching 5 user schemes to AMFI master…
2026-06-18 18:11:34 | INFO    | mutual_funds |    Matched 5/5 (100.0%)
2026-06-18 18:11:34 | INFO    | mutual_funds | ⏳ Computing analytics for 5 schemes (this takes time — be patient)…
2026-06-18 18:11:45 | INFO    | mutual_funds | ✅ EQUITY MF done. 5 rows → C:\Users\tejas\OneDrive\Desktop\portfolio-automation\portfolio-automation\output\equity_mf_latest.csv
2026-06-18 18:11:45 | INFO    | mutual_funds | 🚀 Starting DEBT MF fetch…
2026-06-18 18:11:45 | INFO    | mutual_funds | 📥 Downloading AMFI NAV master file…
2026-06-18 18:11:46 | INFO    | mutual_funds |    AMFI: parsed 14215 schemes
2026-06-18 18:11:46 | INFO    | mutual_funds | 🔗 Matching 5 user schemes to AMFI master…
2026-06-18 18:11:50 | INFO    | mutual_funds |    Matched 5/5 (100.0%)
2026-06-18 18:11:50 | INFO    | mutual_funds | ⏳ Computing analytics for 5 schemes (this takes time — be patient)…
2026-06-18 18:12:10 | INFO    | mutual_funds | ✅ DEBT MF done. 5 rows → C:\Users\tejas\OneDrive\Desktop\portfolio-automation\portfolio-automation\output\debt_mf_latest.csv
2026-06-18 18:12:10 | INFO    | reit_invit | 📊 Starting REIT/InvIT fetch for 11 instruments…
2026-06-18 18:12:10 | INFO    | reit_invit |   Processing EMBASSY — Embassy Office Parks REIT
2026-06-18 18:12:11 | INFO    | reit_invit |   Processing MINDSPACE — Mindspace Business Parks REIT
2026-06-18 18:12:13 | INFO    | reit_invit |   Processing NXST — Nexus Select Trust
2026-06-18 18:12:14 | INFO    | reit_invit |   Processing INDIGRID — India Grid Trust
2026-06-18 18:12:16 | INFO    | reit_invit |   Processing PGINVIT — PowerGrid Infrastructure InvIT
2026-06-18 18:12:17 | INFO    | reit_invit |   Processing IRBINVIT — IRB InvIT Fund
2026-06-18 18:12:18 | INFO    | reit_invit |   Processing BIRET — Brookfield India Real Estate Trust
2026-06-18 18:12:20 | INFO    | reit_invit |   Processing 360ONE — 360 ONE Real Estate Investment Trust
2026-06-18 18:12:21 | INFO    | reit_invit |   Processing INDUSTOWER — Indus Towers Limited
2026-06-18 18:12:23 | INFO    | reit_invit |   Processing IRISDOTML — Iris Infratel Trust
2026-06-18 18:12:25 | INFO    | reit_invit |   Processing INDIGRIDL — India Grid Infrastructure Trust
2026-06-18 18:12:26 | INFO    | reit_invit | ✅ REIT/InvIT done. 11 rows → C:\Users\tejas\OneDrive\Desktop\portfolio-automation\portfolio-automation\output\reit_invit_latest.csv
2026-06-18 18:12:26 | INFO    | orchestrator | 
======================================================================
2026-06-18 18:12:26 | INFO    | orchestrator | 📊 WRITING BACK TO EXCEL
2026-06-18 18:12:26 | INFO    | orchestrator | ======================================================================
2026-06-18 18:12:26 | INFO    | excel_writer | 📋 Copying template → C:\Users\tejas\OneDrive\Desktop\portfolio-automation\portfolio-automation\output\PORTFOLIO_MODEL_UPDATED_20260618_181226.xlsx
2026-06-18 18:12:31 | INFO    | excel_writer |    Nifty 500: 102 cell updates across 5 rows
2026-06-18 18:12:31 | INFO    | excel_writer |    S&P 500: 151 cell updates across 5 rows
2026-06-18 18:12:31 | INFO    | excel_writer |    EQUITY MF: 80 cell updates across 5 rows
2026-06-18 18:12:31 | INFO    | excel_writer |    DEBT MF: 111 cell updates across 5 rows
2026-06-18 18:12:31 | INFO    | excel_writer |    REITINVIT: 213 cell updates across 11 rows
2026-06-18 18:12:36 | INFO    | excel_writer | ✅ Excel saved → C:\Users\tejas\OneDrive\Desktop\portfolio-automation\portfolio-automation\output\PORTFOLIO_MODEL_UPDATED_20260618_181226.xlsx
2026-06-18 18:12:36 | INFO    | orchestrator | 
🎉 SUCCESS — updated workbook at: C:\Users\tejas\OneDrive\Desktop\portfolio-automation\portfolio-automation\output\PORTFOLIO_MODEL_UPDATED_20260618_181226.xlsx
2026-06-18 18:12:36 | INFO    | orchestrator | 
⏱  Total time: 1.3 minutes
2026-06-18 18:13:05 | INFO    | orchestrator | ======================================================================
2026-06-18 18:13:05 | INFO    | orchestrator | 🚀 PORTFOLIO MODEL UPDATE — started 2026-06-18 18:13:05.900030
2026-06-18 18:13:05 | INFO    | orchestrator |    Mode: all  |  Test: False  |  Template: PERSONALISED_PORTFOLIO_ALLOCATION_MODEL_.xlsx
2026-06-18 18:13:05 | INFO    | orchestrator | ======================================================================
2026-06-18 18:13:05 | INFO    | nifty500 | 📊 Starting Nifty 500 fetch for 498 stocks…
2026-06-18 18:13:11 | WARNING | nifty500 |   ⚠️  No data for Ather Energy Ltd. (ATHER.NS)
2026-06-18 18:13:23 | WARNING | nifty500 |   ⚠️  No data for JBM Auto Ltd. (JBM.NS)
2026-06-18 18:13:25 | WARNING | nifty500 |   ⚠️  No data for JK Tyre & Industries Ltd. (JK.NS)
2026-06-18 18:13:28 | WARNING | nifty500 |   ⚠️  No data for Minda Corporation Ltd. (MINDA.NS)
2026-06-18 18:13:31 | WARNING | nifty500 |   ⚠️  No data for Ola Electric Mobility Ltd. (OLA.NS)
2026-06-18 18:13:32 | INFO    | nifty500 |    Progress: 25/498 (5.0%)
2026-06-18 18:13:34 | WARNING | nifty500 |   ⚠️  No data for Ramkrishna Forgings Ltd. (RAMKRISHNA.NS)
2026-06-18 18:13:35 | WARNING | nifty500 |   ⚠️  No data for Sona BLW Precision Forgings Ltd. (SONA.NS)
2026-06-18 18:13:36 | WARNING | nifty500 |   ⚠️  No data for Sundram Fasteners Ltd. (SUNDRAM.NS)
2026-06-18 18:13:38 | WARNING | nifty500 |   ⚠️  No data for Tata Motors Passenger Vehicles Ltd. (TATA.NS)
2026-06-18 18:13:38 | WARNING | nifty500 |   ⚠️  No data for Tube Investments of India Ltd. (TUBE.NS)
2026-06-18 18:13:40 | WARNING | nifty500 |   ⚠️  No data for UNO Minda Ltd. (UNO.NS)
2026-06-18 18:13:41 | WARNING | nifty500 |   ⚠️  No data for ZF Commercial Vehicle Control Systems India Ltd. (ZF.NS)
2026-06-18 18:13:43 | WARNING | nifty500 |   ⚠️  No data for State Bank of India (STATE.NS)
2026-06-18 18:13:45 | WARNING | nifty500 |   ⚠️  No data for ICICI Bank Ltd. (ICICI.NS)
2026-06-18 18:13:46 | WARNING | nifty500 |   ⚠️  No data for Kotak Mahindra Bank Ltd. (KOTAK.NS)
2026-06-18 18:13:47 | WARNING | nifty500 |   ⚠️  No data for Axis Bank Ltd. (AXIS.NS)
2026-06-18 18:13:49 | WARNING | nifty500 |   ⚠️  No data for Bank of Baroda (BANK.NS)
2026-06-18 18:13:50 | WARNING | nifty500 |   ⚠️  No data for Punjab National Bank (PUNJAB.NS)
2026-06-18 18:13:51 | WARNING | nifty500 |   ⚠️  No data for Canara Bank (CANARA.NS)
2026-06-18 18:13:53 | WARNING | nifty500 |   ⚠️  No data for Union Bank of India (UNION.NS)
2026-06-18 18:13:54 | WARNING | nifty500 |   ⚠️  No data for Indian Bank (INDIAN.NS)
2026-06-18 18:13:57 | WARNING | nifty500 |   ⚠️  No data for AU Small Finance Bank Ltd. (AU.NS)
2026-06-18 18:13:58 | WARNING | nifty500 |   ⚠️  No data for Bank of India (BANK.NS)
2026-06-18 18:14:00 | WARNING | nifty500 |   ⚠️  No data for IDFC First Bank Ltd. (IDFC.NS)
2026-06-18 18:14:01 | WARNING | nifty500 |   ⚠️  No data for IndusInd Bank Ltd. (INDUSIND.NS)
2026-06-18 18:14:03 | WARNING | nifty500 |   ⚠️  No data for Federal Bank Ltd. (FEDERAL.NS)
2026-06-18 18:14:03 | INFO    | nifty500 |    Progress: 50/498 (10.0%)
2026-06-18 18:14:03 | WARNING | nifty500 |   ⚠️  No data for Indian Overseas Bank (INDIAN.NS)
2026-06-18 18:14:05 | WARNING | nifty500 |   ⚠️  No data for Yes Bank Ltd. (YES.NS)
2026-06-18 18:14:06 | WARNING | nifty500 |   ⚠️  No data for Bank of Maharashtra (BANK.NS)
2026-06-18 18:14:08 | WARNING | nifty500 |   ⚠️  No data for UCO Bank (UCO.NS)
2026-06-18 18:14:09 | WARNING | nifty500 |   ⚠️  No data for Central Bank of India (CENTRAL.NS)
2026-06-18 18:14:11 | WARNING | nifty500 |   ⚠️  No data for Karur Vysya Bank Ltd. (KARUR.NS)
2026-06-18 18:14:12 | WARNING | nifty500 |   ⚠️  No data for Bandhan Bank Ltd. (BANDHAN.NS)
2026-06-18 18:14:14 | WARNING | nifty500 |   ⚠️  No data for City Union Bank Ltd. (CITY.NS)
2026-06-18 18:14:15 | WARNING | nifty500 |   ⚠️  No data for RBL Bank Ltd. (RBL.NS)
2026-06-18 18:14:17 | WARNING | nifty500 |   ⚠️  No data for Jammu & Kashmir Bank Ltd. (JAMMU.NS)
2026-06-18 18:14:18 | WARNING | nifty500 |   ⚠️  No data for Ashok Leyland Ltd. (ASHOK.NS)
2026-06-18 18:14:20 | WARNING | nifty500 |   ⚠️  No data for Cummins India Ltd. (CUMMINS.NS)
2026-06-18 18:14:24 | WARNING | nifty500 |   ⚠️  No data for CG Power and Industrial Solutions Ltd. (CG.NS)
2026-06-18 18:14:25 | WARNING | nifty500 |   ⚠️  No data for Bharat Heavy Electricals Ltd. (BHARAT.NS)
2026-06-18 18:14:27 | WARNING | nifty500 |   ⚠️  No data for Waaree Energies Ltd. (WAAREE.NS)
2026-06-18 18:14:28 | WARNING | nifty500 |   ⚠️  No data for Hitachi Energy India Ltd. (HITACHI.NS)
2026-06-18 18:14:29 | WARNING | nifty500 |   ⚠️  No data for GE Vernova T&D India Ltd. (GE.NS)
2026-06-18 18:14:32 | WARNING | nifty500 |   ⚠️  No data for APL Apollo Tubes Ltd. (APL.NS)
2026-06-18 18:14:34 | INFO    | nifty500 |    Progress: 75/498 (15.1%)
2026-06-18 18:14:35 | WARNING | nifty500 |   ⚠️  No data for Cochin Shipyard Ltd. (COCHIN.NS)
2026-06-18 18:14:39 | WARNING | nifty500 |   ⚠️  No data for AIA Engineering Ltd. (AIA.NS)
2026-06-18 18:14:41 | WARNING | nifty500 |   ⚠️  No data for Apar Industries Ltd. (APAR.NS)
2026-06-18 18:14:42 | WARNING | nifty500 |   ⚠️  No data for Honeywell Automation India Ltd. (HONEYWELL.NS)
2026-06-18 18:14:46 | WARNING | nifty500 |   ⚠️  No data for Shyam Metalics and Energy Ltd. (SHYAM.NS)
2026-06-18 18:14:47 | WARNING | nifty500 |   ⚠️  No data for HBL Engineering Ltd. (HBL.NS)
2026-06-18 18:14:48 | WARNING | nifty500 |   ⚠️  No data for Welspun Corp Ltd. (WELSPUN.NS)
2026-06-18 18:14:49 | WARNING | nifty500 |   ⚠️  No data for Jyoti CNC Automation Ltd. (JYOTI.NS)
2026-06-18 18:14:51 | WARNING | nifty500 |   ⚠️  No data for Inox Wind Ltd. (INOX.NS)
2026-06-18 18:14:52 | WARNING | nifty500 |   ⚠️  No data for Godawari Power & Ispat Ltd. (GODAWARI.NS)
2026-06-18 18:14:53 | WARNING | nifty500 |   ⚠️  No data for Kirloskar Oil Eng Ltd. (KIRLOSKAR.NS)
2026-06-18 18:14:55 | WARNING | nifty500 |   ⚠️  No data for Carborundum Universal Ltd. (CARBORUNDUM.NS)
2026-06-18 18:14:56 | WARNING | nifty500 |   ⚠️  No data for R R Kabel Ltd. (R.NS)
2026-06-18 18:14:59 | WARNING | nifty500 |   ⚠️  No data for Elgi Equipments Ltd. (ELGI.NS)
2026-06-18 18:15:00 | WARNING | nifty500 |   ⚠️  No data for Jupiter Wagons Ltd. (JUPITER.NS)
2026-06-18 18:15:01 | INFO    | nifty500 |    Progress: 100/498 (20.1%)
2026-06-18 18:15:02 | WARNING | nifty500 |   ⚠️  No data for Usha Martin Ltd. (USHA.NS)
2026-06-18 18:15:05 | WARNING | nifty500 |   ⚠️  No data for Kirloskar Brothers Ltd. (KIRLOSKAR.NS)
2026-06-18 18:15:06 | WARNING | nifty500 |   ⚠️  No data for Jindal Saw Ltd. (JINDAL.NS)
2026-06-18 18:15:08 | WARNING | nifty500 |   ⚠️  No data for Finolex Cables Ltd. (FINOLEX.NS)
2026-06-18 18:15:09 | WARNING | nifty500 |   ⚠️  No data for Finolex Industries Ltd. (FINOLEX.NS)
2026-06-18 18:15:11 | WARNING | nifty500 |   ⚠️  No data for INOX India Ltd. (INOX.NS)
2026-06-18 18:15:13 | WARNING | nifty500 |   ⚠️  No data for Action Construction Equipment Ltd. (ACTION.NS)
2026-06-18 18:15:14 | WARNING | nifty500 |   ⚠️  No data for RHI MAGNESITA INDIA LTD. (RHI.NS)
2026-06-18 18:15:17 | WARNING | nifty500 |   ⚠️  No data for Transformers And Rectifiers (India) Ltd. (TRANSFORMERS.NS)
2026-06-18 18:15:18 | WARNING | nifty500 |   ⚠️  No data for Maharashtra Seamless Ltd. (MAHARASHTRA.NS)
2026-06-18 18:15:18 | WARNING | nifty500 |   ⚠️  No data for Praj Industries Ltd. (PRAJ.NS)
2026-06-18 18:15:20 | WARNING | nifty500 |   ⚠️  No data for Aarti Industries Ltd. (AARTI.NS)
2026-06-18 18:15:21 | WARNING | nifty500 |   ⚠️  No data for Alkyl Amines Chemicals Ltd. (ALKYL.NS)
2026-06-18 18:15:24 | WARNING | nifty500 |   ⚠️  No data for Bayer Cropscience Ltd. (BAYER.NS)
2026-06-18 18:15:26 | WARNING | nifty500 |   ⚠️  No data for Chambal Fertilizers & Chemicals Ltd. (CHAMBAL.NS)
2026-06-18 18:15:29 | WARNING | nifty500 |   ⚠️  No data for Deepak Fertilisers & Petrochemicals Corp. Ltd. (DEEPAK.NS)
2026-06-18 18:15:29 | INFO    | nifty500 |    Progress: 125/498 (25.1%)
2026-06-18 18:15:30 | WARNING | nifty500 |   ⚠️  No data for Deepak Nitrite Ltd. (DEEPAK.NS)
2026-06-18 18:15:31 | WARNING | nifty500 |   ⚠️  No data for Fertilisers and Chemicals Travancore Ltd. (FERTILISERS.NS)
2026-06-18 18:15:32 | WARNING | nifty500 |   ⚠️  No data for Gujarat Fluorochemicals Ltd. (GUJARAT.NS)
2026-06-18 18:15:34 | WARNING | nifty500 |   ⚠️  No data for Himadri Speciality Chemical Ltd. (HIMADRI.NS)
2026-06-18 18:15:35 | WARNING | nifty500 |   ⚠️  No data for Jubilant Ingrevia Ltd. (JUBILANT.NS)
2026-06-18 18:15:37 | WARNING | nifty500 |   ⚠️  No data for Linde India Ltd. (LINDE.NS)
2026-06-18 18:15:38 | WARNING | nifty500 |   ⚠️  No data for Navin Fluorine International Ltd. (NAVIN.NS)
2026-06-18 18:15:41 | WARNING | nifty500 |   ⚠️  No data for PI Industries Ltd. (PI.NS)
2026-06-18 18:15:42 | WARNING | nifty500 |   ⚠️  No data for Pidilite Industries Ltd. (PIDILITE.NS)
2026-06-18 18:15:44 | WARNING | nifty500 |   ⚠️  No data for Rashtriya Chemicals & Fertilizers Ltd. (RASHTRIYA.NS)
2026-06-18 18:15:45 | WARNING | nifty500 |   ⚠️  No data for Solar Industries India Ltd. (SOLAR.NS)
2026-06-18 18:15:47 | WARNING | nifty500 |   ⚠️  No data for Sumitomo Chemical India Ltd. (SUMITOMO.NS)
2026-06-18 18:15:48 | WARNING | nifty500 |   ⚠️  No data for Swan Corp Ltd. (SWAN.NS)
2026-06-18 18:15:50 | WARNING | nifty500 |   ⚠️  No data for Tata Chemicals Ltd. (TATA.NS)
2026-06-18 18:15:54 | WARNING | nifty500 |   ⚠️  No data for Ambuja Cements Ltd. (AMBUJA.NS)
2026-06-18 18:15:55 | WARNING | nifty500 |   ⚠️  No data for Dalmia Bharat Ltd. (DALMIA.NS)
2026-06-18 18:15:57 | WARNING | nifty500 |   ⚠️  No data for Engineers India Ltd. (ENGINEERS.NS)
2026-06-18 18:15:59 | WARNING | nifty500 |   ⚠️  No data for India Cements Ltd. (INDIA.NS)
2026-06-18 18:16:00 | INFO    | nifty500 |    Progress: 150/498 (30.1%)
2026-06-18 18:16:02 | WARNING | nifty500 |   ⚠️  No data for J.K. Cement Ltd. (JK.NS)
2026-06-18 18:16:03 | WARNING | nifty500 |   ⚠️  No data for JSW Cement Ltd. (JSW.NS)
2026-06-18 18:16:09 | WARNING | nifty500 |   ⚠️  No data for Rail Vikas Nigam Ltd. (RAIL.NS)
2026-06-18 18:16:12 | WARNING | nifty500 |   ⚠️  No data for Shree Cement Ltd. (SHREE.NS)
2026-06-18 18:16:12 | WARNING | nifty500 |   ⚠️  No data for Techno Electric & Engineering Company Ltd. (TECHNO.NS)
2026-06-18 18:16:13 | WARNING | nifty500 |   ⚠️  No data for The Ramco Cements Ltd. (THE.NS)
2026-06-18 18:16:15 | WARNING | nifty500 |   ⚠️  No data for UltraTech Cement Ltd. (ULTRATECH.NS)
2026-06-18 18:16:17 | WARNING | nifty500 |   ⚠️  No data for Asian Paints Ltd. (ASIAN.NS)
2026-06-18 18:16:17 | WARNING | nifty500 |   ⚠️  No data for Bata India Ltd. (BATA.NS)
2026-06-18 18:16:19 | WARNING | nifty500 |   ⚠️  No data for Berger Paints India Ltd. (BERGER.NS)
2026-06-18 18:16:20 | WARNING | nifty500 |   ⚠️  No data for Blue Star Ltd. (BLUE.NS)
2026-06-18 18:16:22 | WARNING | nifty500 |   ⚠️  No data for Century Plyboards (India) Ltd. (CENTURY.NS)
2026-06-18 18:16:23 | WARNING | nifty500 |   ⚠️  No data for Century Plyboards (India) Ltd. (CENTURY.NS)
2026-06-18 18:16:26 | INFO    | nifty500 |    Progress: 175/498 (35.1%)
2026-06-18 18:16:28 | WARNING | nifty500 |   ⚠️  No data for JSW Dulux Ltd
 (JSW.NS)
2026-06-18 18:16:30 | WARNING | nifty500 |   ⚠️  No data for Kajaria Ceramics Ltd. (KAJARIA.NS)
2026-06-18 18:16:31 | WARNING | nifty500 |   ⚠️  No data for Kalyan Jewellers India Ltd. (KALYAN.NS)
2026-06-18 18:16:32 | WARNING | nifty500 |   ⚠️  No data for PG Electroplast Ltd. (PG.NS)
2026-06-18 18:16:35 | WARNING | nifty500 |   ⚠️  No data for V-Guard Industries Ltd. (V-GUARD.NS)
2026-06-18 18:16:37 | WARNING | nifty500 |   ⚠️  No data for Aditya Birla Fashion and Retail Ltd. (ADITYA.NS)
2026-06-18 18:16:38 | WARNING | nifty500 |   ⚠️  No data for Aditya Birla Lifestyle Brands Ltd. (ADITYA.NS)
2026-06-18 18:16:40 | WARNING | nifty500 |   ⚠️  No data for Avenue Supermarts Ltd. (AVENUE.NS)
2026-06-18 18:16:42 | WARNING | nifty500 |   ⚠️  No data for Brainbees Solutions Ltd. (BRAINBEES.NS)
2026-06-18 18:16:44 | WARNING | nifty500 |   ⚠️  No data for EIH Ltd. (EIH.NS)
2026-06-18 18:16:46 | WARNING | nifty500 |   ⚠️  No data for FSN E-Commerce Ventures Ltd. (FSN.NS)
2026-06-18 18:16:49 | WARNING | nifty500 |   ⚠️  No data for Indian Hotels Co. Ltd. (INDIAN.NS)
2026-06-18 18:16:49 | WARNING | nifty500 |   ⚠️  No data for Indian Railway Catering And Tourism Corporation Ltd. (INDIAN.NS)
2026-06-18 18:16:50 | WARNING | nifty500 |   ⚠️  No data for Info Edge (India) Ltd. (INFO.NS)
2026-06-18 18:16:51 | INFO    | nifty500 |    Progress: 200/498 (40.2%)
2026-06-18 18:16:52 | WARNING | nifty500 |   ⚠️  No data for Jubilant Foodworks Ltd. (JUBILANT.NS)
2026-06-18 18:16:53 | WARNING | nifty500 |   ⚠️  No data for Leela Palaces Hotels & Resorts Ltd. (LEELA.NS)
2026-06-18 18:16:55 | WARNING | nifty500 |   ⚠️  No data for Lemon Tree Hotels Ltd. (LEMON.NS)
2026-06-18 18:16:57 | WARNING | nifty500 |   ⚠️  No data for TBO Tek Ltd. (TBO.NS)
2026-06-18 18:17:00 | WARNING | nifty500 |   ⚠️  No data for Valor Estate Ltd. (VALOR.NS)
2026-06-18 18:17:01 | WARNING | nifty500 |   ⚠️  No data for Vedant Fashions Ltd. (VEDANT.NS)
2026-06-18 18:17:02 | WARNING | nifty500 |   ⚠️  No data for Vishal Mega Mart Ltd. (VISHAL.NS)
2026-06-18 18:17:04 | WARNING | nifty500 |   ⚠️  No data for Bharat Electronics Ltd. (BHARAT.NS)
2026-06-18 18:17:05 | WARNING | nifty500 |   ⚠️  No data for Hindustan Aeronautics Ltd. (HINDUSTAN.NS)
2026-06-18 18:17:06 | WARNING | nifty500 |   ⚠️  No data for Mazagoan Dock Shipbuilders Ltd. (MAZAGOAN.NS)
2026-06-18 18:17:07 | WARNING | nifty500 |   ⚠️  No data for Bharat Dynamics Ltd. (BHARAT.NS)
2026-06-18 18:17:09 | WARNING | nifty500 |   ⚠️  No data for Garden Reach Shipbuilders & Engineers Ltd. (GARDEN.NS)
2026-06-18 18:17:11 | WARNING | nifty500 |   ⚠️  No data for Data Patterns (India) Ltd. (DATA.NS)
2026-06-18 18:17:13 | WARNING | nifty500 |   ⚠️  No data for Zen Technologies Ltd. (ZEN.NS)
2026-06-18 18:17:14 | WARNING | nifty500 |   ⚠️  No data for 3M India Ltd. (3M.NS)
2026-06-18 18:17:18 | WARNING | nifty500 |   ⚠️  No data for Godrej Industries Ltd. (GODREJ.NS)
2026-06-18 18:17:20 | WARNING | nifty500 |   ⚠️  No data for Balrampur Chini Mills Ltd. (BALRAMPUR.NS)
2026-06-18 18:17:21 | INFO    | nifty500 |    Progress: 225/498 (45.2%)
2026-06-18 18:17:22 | WARNING | nifty500 |   ⚠️  No data for Bombay Burmah Trading Corporation Ltd. (BOMBAY.NS)
2026-06-18 18:17:25 | WARNING | nifty500 |   ⚠️  No data for Colgate Palmolive (India) Ltd. (COLGATE.NS)
2026-06-18 18:17:28 | WARNING | nifty500 |   ⚠️  No data for E.I.D. Parry (India) Ltd. (EID.NS)
2026-06-18 18:17:29 | WARNING | nifty500 |   ⚠️  No data for Emami Ltd. (EMAMI.NS)
2026-06-18 18:17:31 | WARNING | nifty500 |   ⚠️  No data for Godfrey Phillips India Ltd. (GODFREY.NS)
2026-06-18 18:17:32 | WARNING | nifty500 |   ⚠️  No data for Godrej Agrovet Ltd. (GODREJ.NS)
2026-06-18 18:17:33 | WARNING | nifty500 |   ⚠️  No data for Godrej Consumer Products Ltd. (GODREJ.NS)
2026-06-18 18:17:34 | WARNING | nifty500 |   ⚠️  No data for Hindustan Unilever Ltd. (HINDUSTAN.NS)
2026-06-18 18:17:37 | WARNING | nifty500 |   ⚠️  No data for Jyothy Labs Ltd. (JYOTHY.NS)
2026-06-18 18:17:39 | WARNING | nifty500 |   ⚠️  No data for Nestle India Ltd. (NESTLE.NS)
2026-06-18 18:17:42 | WARNING | nifty500 |   ⚠️  No data for Procter & Gamble Hygiene & Health Care Ltd. (PROCTER.NS)
2026-06-18 18:17:44 | WARNING | nifty500 |   ⚠️  No data for Tata Consumer Products Ltd. (TATA.NS)
2026-06-18 18:17:47 | WARNING | nifty500 |   ⚠️  No data for United Breweries Ltd. (UNITED.NS)
2026-06-18 18:17:47 | INFO    | nifty500 |    Progress: 250/498 (50.2%)
2026-06-18 18:17:48 | WARNING | nifty500 |   ⚠️  No data for United Spirits Ltd. (UNITED.NS)
2026-06-18 18:17:49 | WARNING | nifty500 |   ⚠️  No data for Varun Beverages Ltd. (VARUN.NS)
2026-06-18 18:17:50 | WARNING | nifty500 |   ⚠️  No data for 360 ONE WAM Ltd. (360.NS)
2026-06-18 18:17:52 | WARNING | nifty500 |   ⚠️  No data for Aadhar Housing Finance Ltd. (AADHAR.NS)
2026-06-18 18:17:53 | WARNING | nifty500 |   ⚠️  No data for Aditya Birla Sun Life AMC Ltd. (ADITYA.NS)
2026-06-18 18:17:54 | WARNING | nifty500 |   ⚠️  No data for Aditya Birla Capital Ltd. (ADITYA.NS)
2026-06-18 18:17:56 | WARNING | nifty500 |   ⚠️  No data for Anand Rathi Wealth Ltd. (ANAND.NS)
2026-06-18 18:17:57 | WARNING | nifty500 |   ⚠️  No data for Angel One Ltd. (ANGEL.NS)
2026-06-18 18:18:00 | WARNING | nifty500 |   ⚠️  No data for Authum Investment & Infrastructure Ltd. (AUTHUM.NS)
2026-06-18 18:18:01 | WARNING | nifty500 |   ⚠️  No data for Bajaj Finance Ltd. (BAJAJ.NS)
2026-06-18 18:18:02 | WARNING | nifty500 |   ⚠️  No data for Bajaj Finserv Ltd. (BAJAJ.NS)
2026-06-18 18:18:04 | WARNING | nifty500 |   ⚠️  No data for Bajaj Holdings & Investment Ltd. (BAJAJ.NS)
2026-06-18 18:18:05 | WARNING | nifty500 |   ⚠️  No data for Bajaj Housing Finance Ltd. (BAJAJ.NS)
2026-06-18 18:18:07 | WARNING | nifty500 |   ⚠️  No data for Central Depository Services (India) Ltd. (CENTRAL.NS)
2026-06-18 18:18:09 | WARNING | nifty500 |   ⚠️  No data for Computer Age Management Services Ltd. (COMPUTER.NS)
2026-06-18 18:18:11 | WARNING | nifty500 |   ⚠️  No data for Can Fin Homes Ltd. (CAN.NS)
2026-06-18 18:18:13 | WARNING | nifty500 |   ⚠️  No data for Capri Global Capital Ltd. (CAPRI.NS)
2026-06-18 18:18:14 | WARNING | nifty500 |   ⚠️  No data for Choice International Ltd. (CHOICE.NS)
2026-06-18 18:18:16 | WARNING | nifty500 |   ⚠️  No data for Cholamandalam Financial Holdings Ltd. (CHOLAMANDALAM.NS)
2026-06-18 18:18:17 | WARNING | nifty500 |   ⚠️  No data for Cholamandalam Investment and Finance Company Ltd. (CHOLAMANDALAM.NS)
2026-06-18 18:18:18 | WARNING | nifty500 |   ⚠️  No data for CreditAccess Grameen Ltd. (CREDITACCESS.NS)
2026-06-18 18:18:19 | INFO    | nifty500 |    Progress: 275/498 (55.2%)
2026-06-18 18:18:21 | WARNING | nifty500 |   ⚠️  No data for Five-Star Business Finance Ltd. (FIVE-STAR.NS)
2026-06-18 18:18:23 | WARNING | nifty500 |   ⚠️  No data for General Insurance Corporation of India (GENERAL.NS)
2026-06-18 18:18:24 | WARNING | nifty500 |   ⚠️  No data for Go Digit General Insurance Ltd. (GO.NS)
2026-06-18 18:18:25 | WARNING | nifty500 |   ⚠️  No data for Housing & Urban Development Corporation Ltd. (HOUSING.NS)
2026-06-18 18:18:27 | WARNING | nifty500 |   ⚠️  No data for HDFC Asset Management Company Ltd. (HDFC.NS)
2026-06-18 18:18:28 | WARNING | nifty500 |   ⚠️  No data for HDFC Life Insurance Company Ltd. (HDFC.NS)
2026-06-18 18:18:29 | WARNING | nifty500 |   ⚠️  No data for Home First Finance Company India Ltd. (HOME.NS)
2026-06-18 18:18:31 | WARNING | nifty500 |   ⚠️  No data for Indian Railway Finance Corporation Ltd. (INDIAN.NS)
2026-06-18 18:18:32 | WARNING | nifty500 |   ⚠️  No data for ICICI Lombard General Insurance Company Ltd. (ICICI.NS)
2026-06-18 18:18:33 | WARNING | nifty500 |   ⚠️  No data for ICICI Prudential Life Insurance Company Ltd. (ICICI.NS)
2026-06-18 18:18:36 | WARNING | nifty500 |   ⚠️  No data for Indian Energy Exchange Ltd. (INDIAN.NS)
2026-06-18 18:18:37 | WARNING | nifty500 |   ⚠️  No data for Indian Renewable Energy Development Agency Ltd. (INDIAN.NS)
2026-06-18 18:18:38 | WARNING | nifty500 |   ⚠️  No data for Jio Financial Services Ltd. (JIO.NS)
2026-06-18 18:18:40 | WARNING | nifty500 |   ⚠️  No data for JM Financial Ltd. (JM.NS)
2026-06-18 18:18:41 | WARNING | nifty500 |   ⚠️  No data for Kfin Technologies Ltd. (KFIN.NS)
2026-06-18 18:18:43 | WARNING | nifty500 |   ⚠️  No data for L&T Finance Ltd. (L&T.NS)
2026-06-18 18:18:44 | WARNING | nifty500 |   ⚠️  No data for LIC Housing Finance Ltd. (LIC.NS)
2026-06-18 18:18:46 | WARNING | nifty500 |   ⚠️  No data for Life Insurance Corporation of India (LIFE.NS)
2026-06-18 18:18:48 | WARNING | nifty500 |   ⚠️  No data for Mahindra & Mahindra Financial Services Ltd. (MAHINDRA.NS)
2026-06-18 18:18:49 | WARNING | nifty500 |   ⚠️  No data for Maharashtra Scooters Ltd. (MAHARASHTRA.NS)
2026-06-18 18:18:51 | WARNING | nifty500 |   ⚠️  No data for Max Financial Services Ltd. (MAX.NS)
2026-06-18 18:18:52 | WARNING | nifty500 |   ⚠️  No data for Motilal Oswal Financial Services Ltd. (MOTILAL.NS)
2026-06-18 18:18:53 | INFO    | nifty500 |    Progress: 300/498 (60.2%)
2026-06-18 18:18:54 | WARNING | nifty500 |   ⚠️  No data for Multi Commodity Exchange of India Ltd. (MULTI.NS)
2026-06-18 18:18:56 | WARNING | nifty500 |   ⚠️  No data for Muthoot Finance Ltd. (MUTHOOT.NS)
2026-06-18 18:18:57 | WARNING | nifty500 |   ⚠️  No data for The New India Assurance Company Ltd. (THE.NS)
2026-06-18 18:18:59 | WARNING | nifty500 |   ⚠️  No data for Nippon Life India Asset Management Ltd. (NIPPON.NS)
2026-06-18 18:19:01 | WARNING | nifty500 |   ⚠️  No data for Niva Bupa Health Insurance Company Ltd. (NIVA.NS)
2026-06-18 18:19:03 | WARNING | nifty500 |   ⚠️  No data for One 97 Communications Ltd. (ONE.NS)
2026-06-18 18:19:05 | WARNING | nifty500 |   ⚠️  No data for PB Fintech Ltd. (PB.NS)
2026-06-18 18:19:08 | WARNING | nifty500 |   ⚠️  No data for Power Finance Corporation Ltd. (POWER.NS)
2026-06-18 18:19:10 | WARNING | nifty500 |   ⚠️  No data for REC Ltd. (REC.NS)
2026-06-18 18:19:12 | WARNING | nifty500 |   ⚠️  No data for Sammaan Capital Ltd. (SAMMAAN.NS)
2026-06-18 18:19:13 | WARNING | nifty500 |   ⚠️  No data for SBI Cards and Payment Services Ltd. (SBI.NS)
2026-06-18 18:19:13 | WARNING | nifty500 |   ⚠️  No data for SBI Life Insurance Company Ltd. (SBI.NS)
2026-06-18 18:19:15 | WARNING | nifty500 |   ⚠️  No data for Shriram Finance Ltd. (SHRIRAM.NS)
2026-06-18 18:19:18 | WARNING | nifty500 |   ⚠️  No data for Tata Investment Corporation Ltd. (TATA.NS)
2026-06-18 18:19:20 | WARNING | nifty500 |   ⚠️  No data for UTI Asset Management Company Ltd. (UTI.NS)
2026-06-18 18:19:21 | WARNING | nifty500 |   ⚠️  No data for Aditya Birla Real Estate Ltd. (ADITYA.NS)
2026-06-18 18:19:23 | WARNING | nifty500 |   ⚠️  No data for Aster DM Healthcare Ltd. (ASTER.NS)
2026-06-18 18:19:25 | WARNING | nifty500 |   ⚠️  No data for Dr. Agarwal's Health Care Ltd. (DR.NS)
2026-06-18 18:19:25 | INFO    | nifty500 |    Progress: 325/498 (65.3%)
2026-06-18 18:19:26 | WARNING | nifty500 |   ⚠️  No data for Dr. Lal Path Labs Ltd. (DR.NS)
2026-06-18 18:19:30 | WARNING | nifty500 |   ⚠️  No data for Indegene Ltd. (INDEGENE.NS)
2026-06-18 18:19:31 | WARNING | nifty500 |   ⚠️  No data for Krishna Institute of Medical Sciences Ltd. (KRISHNA.NS)
2026-06-18 18:19:31 | WARNING | nifty500 |   ⚠️  No data for Max Healthcare Institute Ltd. (MAX.NS)
2026-06-18 18:19:34 | WARNING | nifty500 |   ⚠️  No data for Narayana Hrudayalaya Ltd. (NARAYANA.NS)
2026-06-18 18:19:34 | WARNING | nifty500 |   ⚠️  No data for Poly Medicure Ltd. (POLY.NS)
2026-06-18 18:19:39 | WARNING | nifty500 |   ⚠️  No data for Birlasoft Ltd. (BIRLASOFT.NS)
2026-06-18 18:19:40 | WARNING | nifty500 |   ⚠️  No data for C.E. Info Systems Ltd. (CE.NS)
2026-06-18 18:19:43 | WARNING | nifty500 |   ⚠️  No data for Happiest Minds Technologies Ltd. (HAPPIEST.NS)
2026-06-18 18:19:45 | WARNING | nifty500 |   ⚠️  No data for HCL Technologies Ltd. (HCL.NS)
2026-06-18 18:19:46 | WARNING | nifty500 |   ⚠️  No data for Hexaware Technologies Ltd. (HEXAWARE.NS)
2026-06-18 18:19:49 | WARNING | nifty500 |   ⚠️  No data for Inventurus Knowledge Solutions Ltd. (INVENTURUS.NS)
2026-06-18 18:19:51 | WARNING | nifty500 |   ⚠️  No data for KPIT Technologies Ltd. (KPIT.NS)
2026-06-18 18:19:52 | WARNING | nifty500 |   ⚠️  No data for L&T Technology Services Ltd. (L&T.NS)
2026-06-18 18:19:54 | WARNING | nifty500 |   ⚠️  No data for Latent View Analytics Ltd. (LATENT.NS)
2026-06-18 18:19:54 | INFO    | nifty500 |    Progress: 350/498 (70.3%)
2026-06-18 18:19:55 | WARNING | nifty500 |   ⚠️  No data for LTIMindtree Ltd. (LTIMINDTREE.NS)
2026-06-18 18:20:00 | WARNING | nifty500 |   ⚠️  No data for Oracle Financial Services Software Ltd. (ORACLE.NS)
2026-06-18 18:20:03 | WARNING | nifty500 |   ⚠️  No data for Sonata Software Ltd. (SONATA.NS)
2026-06-18 18:20:05 | WARNING | nifty500 |   ⚠️  No data for Tata Elxsi Ltd. (TATA.NS)
2026-06-18 18:20:06 | WARNING | nifty500 |   ⚠️  No data for Tata Technologies Ltd. (TATA.NS)
2026-06-18 18:20:10 | WARNING | nifty500 |   ⚠️  No data for Zensar Technolgies Ltd. (ZENSAR.NS)
2026-06-18 18:20:11 | WARNING | nifty500 |   ⚠️  No data for PVR INOX Ltd. (PVR.NS)
2026-06-18 18:20:12 | WARNING | nifty500 |   ⚠️  No data for Sun TV Network Ltd. (SUN.NS)
2026-06-18 18:20:13 | WARNING | nifty500 |   ⚠️  No data for Zee Entertainment Enterprises Ltd. (ZEE.NS)
2026-06-18 18:20:14 | WARNING | nifty500 |   ⚠️  No data for Adani Enterprises Ltd. (ADANI.NS)
2026-06-18 18:20:17 | WARNING | nifty500 |   ⚠️  No data for Gujarat Mineral Development Corporation Ltd. (GUJARAT.NS)
2026-06-18 18:20:19 | WARNING | nifty500 |   ⚠️  No data for Hindustan Copper Ltd. (HINDUSTAN.NS)
2026-06-18 18:20:20 | WARNING | nifty500 |   ⚠️  No data for Hindustan Zinc Ltd. (HINDUSTAN.NS)
2026-06-18 18:20:22 | WARNING | nifty500 |   ⚠️  No data for Jindal Stainless Ltd. (JINDAL.NS)
2026-06-18 18:20:22 | INFO    | nifty500 |    Progress: 375/498 (75.3%)
2026-06-18 18:20:23 | WARNING | nifty500 |   ⚠️  No data for Jindal Steel Ltd. (JINDAL.NS)
2026-06-18 18:20:24 | WARNING | nifty500 |   ⚠️  No data for JSW Steel Ltd. (JSW.NS)
2026-06-18 18:20:27 | WARNING | nifty500 |   ⚠️  No data for National Aluminium Co. Ltd. (NATIONAL.NS)
2026-06-18 18:20:30 | WARNING | nifty500 |   ⚠️  No data for Sarda Energy and Minerals Ltd. (SARDA.NS)
2026-06-18 18:20:31 | WARNING | nifty500 |   ⚠️  No data for Steel Authority of India Ltd. (STEEL.NS)
2026-06-18 18:20:32 | WARNING | nifty500 |   ⚠️  No data for Tata Steel Ltd. (TATA.NS)
2026-06-18 18:20:34 | WARNING | nifty500 |   ⚠️  No data for Vedanta Ltd. (VEDANTA.NS)
2026-06-18 18:20:34 | WARNING | nifty500 |   ⚠️  No data for Adani Total Gas Ltd. (ADANI.NS)
2026-06-18 18:20:36 | WARNING | nifty500 |   ⚠️  No data for Aegis Logistics Ltd. (AEGIS.NS)
2026-06-18 18:20:37 | WARNING | nifty500 |   ⚠️  No data for Aegis Vopak Terminals Ltd. (AEGIS.NS)
2026-06-18 18:20:38 | WARNING | nifty500 |   ⚠️  No data for Bharat Petroleum Corporation Ltd. (BHARAT.NS)
2026-06-18 18:20:39 | WARNING | nifty500 |   ⚠️  No data for Castrol India Ltd. (CASTROL.NS)
2026-06-18 18:20:41 | WARNING | nifty500 |   ⚠️  No data for Coal India Ltd. (COAL.NS)
2026-06-18 18:20:42 | WARNING | nifty500 |   ⚠️  No data for Gujarat State Petronet Ltd. (GUJARAT.NS)
2026-06-18 18:20:43 | WARNING | nifty500 |   ⚠️  No data for Gujarat Gas Ltd. (GUJARAT.NS)
2026-06-18 18:20:44 | WARNING | nifty500 |   ⚠️  No data for Hindustan Petroleum Corporation Ltd. (HINDUSTAN.NS)
2026-06-18 18:20:46 | WARNING | nifty500 |   ⚠️  No data for Indian Oil Corporation Ltd. (INDIAN.NS)
2026-06-18 18:20:47 | WARNING | nifty500 |   ⚠️  No data for Indraprastha Gas Ltd. (INDRAPRASTHA.NS)
2026-06-18 18:20:48 | WARNING | nifty500 |   ⚠️  No data for Mangalore Refinery & Petrochemicals Ltd. (MANGALORE.NS)
2026-06-18 18:20:50 | WARNING | nifty500 |   ⚠️  No data for Mahanagar Gas Ltd. (MAHANAGAR.NS)
2026-06-18 18:20:51 | INFO    | nifty500 |    Progress: 400/498 (80.3%)
2026-06-18 18:20:55 | WARNING | nifty500 |   ⚠️  No data for Abbott India Ltd. (ABBOTT.NS)
2026-06-18 18:20:56 | WARNING | nifty500 |   ⚠️  No data for Ajanta Pharmaceuticals Ltd. (AJANTA.NS)
2026-06-18 18:20:59 | WARNING | nifty500 |   ⚠️  No data for Alembic Pharmaceuticals Ltd. (ALEMBIC.NS)
2026-06-18 18:21:03 | WARNING | nifty500 |   ⚠️  No data for AstraZenca Pharma India Ltd. (ASTRAZENCA.NS)
2026-06-18 18:21:05 | WARNING | nifty500 |   ⚠️  No data for Aurobindo Pharma Ltd. (AUROBINDO.NS)
2026-06-18 18:21:08 | WARNING | nifty500 |   ⚠️  No data for Blue Jet Healthcare Ltd. (BLUE.NS)
2026-06-18 18:21:11 | WARNING | nifty500 |   ⚠️  No data for Caplin Point Laboratories Ltd. (CAPLIN.NS)
2026-06-18 18:21:16 | WARNING | nifty500 |   ⚠️  No data for Concord Biotech Ltd. (CONCORD.NS)
2026-06-18 18:21:18 | WARNING | nifty500 |   ⚠️  No data for Divi's Laboratories Ltd. (DIVIS.NS)
2026-06-18 18:21:19 | WARNING | nifty500 |   ⚠️  No data for Dr. Reddy's Laboratories Ltd. (DR.NS)
2026-06-18 18:21:26 | WARNING | nifty500 |   ⚠️  No data for Glaxosmithkline Pharmaceuticals Ltd. (GLAXOSMITHKLINE.NS)
2026-06-18 18:21:29 | WARNING | nifty500 |   ⚠️  No data for Ipca Laboratories Ltd. (IPCA.NS)
2026-06-18 18:21:29 | INFO    | nifty500 |    Progress: 425/498 (85.3%)
2026-06-18 18:21:31 | WARNING | nifty500 |   ⚠️  No data for J.B. Chemicals & Pharmaceuticals Ltd. (JB.NS)
2026-06-18 18:21:34 | WARNING | nifty500 |   ⚠️  No data for Jubilant Pharmova Ltd. (JUBILANT.NS)
2026-06-18 18:21:36 | WARNING | nifty500 |   ⚠️  No data for Laurus Labs Ltd. (LAURUS.NS)
2026-06-18 18:21:40 | WARNING | nifty500 |   ⚠️  No data for NATCO Pharma Ltd. (NATCO.NS)
2026-06-18 18:21:42 | WARNING | nifty500 |   ⚠️  No data for Neuland Laboratories Ltd. (NEULAND.NS)
2026-06-18 18:21:46 | WARNING | nifty500 |   ⚠️  No data for Piramal Pharma Ltd. (PIRAMAL.NS)
2026-06-18 18:21:47 | WARNING | nifty500 |   ⚠️  No data for Sai Life Sciences Ltd. (SAI.NS)
2026-06-18 18:21:48 | WARNING | nifty500 |   ⚠️  No data for Sun Pharmaceutical Industries Ltd. (SUN.NS)
2026-06-18 18:21:50 | WARNING | nifty500 |   ⚠️  No data for Torrent Pharmaceuticals Ltd. (TORRENT.NS)
2026-06-18 18:21:52 | WARNING | nifty500 |   ⚠️  No data for Wockhardt Ltd. (WOCKHARDT.NS)
2026-06-18 18:21:54 | WARNING | nifty500 |   ⚠️  No data for Zydus Lifesciences Ltd. (ZYDUS.NS)
2026-06-18 18:21:56 | WARNING | nifty500 |   ⚠️  No data for ACME Solar Holdings Ltd. (ACME.NS)
2026-06-18 18:21:58 | WARNING | nifty500 |   ⚠️  No data for Adani Energy Solutions Ltd. (ADANI.NS)
2026-06-18 18:21:59 | WARNING | nifty500 |   ⚠️  No data for Adani Green Energy Ltd. (ADANI.NS)
2026-06-18 18:22:00 | WARNING | nifty500 |   ⚠️  No data for Adani Power Ltd. (ADANI.NS)
2026-06-18 18:22:03 | WARNING | nifty500 |   ⚠️  No data for Jaiprakash Power Ventures Ltd. (JAIPRAKASH.NS)
2026-06-18 18:22:06 | WARNING | nifty500 |   ⚠️  No data for JSW Energy Ltd. (JSW.NS)
2026-06-18 18:22:08 | INFO    | nifty500 |    Progress: 450/498 (90.4%)
2026-06-18 18:22:10 | WARNING | nifty500 |   ⚠️  No data for NLC India Ltd. (NLC.NS)
2026-06-18 18:22:14 | WARNING | nifty500 |   ⚠️  No data for Power Grid Corporation of India Ltd. (POWER.NS)
2026-06-18 18:22:19 | WARNING | nifty500 |   ⚠️  No data for Tata Power Co. Ltd. (TATA.NS)
2026-06-18 18:22:20 | WARNING | nifty500 |   ⚠️  No data for Torrent Power Ltd. (TORRENT.NS)
2026-06-18 18:22:23 | WARNING | nifty500 |   ⚠️  No data for Anant Raj Ltd. (ANANT.NS)
2026-06-18 18:22:28 | WARNING | nifty500 |   ⚠️  No data for Godrej Properties Ltd. (GODREJ.NS)
2026-06-18 18:22:30 | WARNING | nifty500 |   ⚠️  No data for Oberoi Realty Ltd. (OBEROI.NS)
2026-06-18 18:22:33 | WARNING | nifty500 |   ⚠️  No data for Phoenix Mills Ltd. (PHOENIX.NS)
2026-06-18 18:22:36 | WARNING | nifty500 |   ⚠️  No data for Signatureglobal (India) Ltd. (SIGNATUREGLOBAL.NS)
2026-06-18 18:22:41 | WARNING | nifty500 |   ⚠️  No data for Bharti Airtel Ltd. (BHARTI.NS)
2026-06-18 18:22:42 | WARNING | nifty500 |   ⚠️  No data for Adani Ports and Special Economic Zone Ltd. (ADANI.NS)
2026-06-18 18:22:44 | WARNING | nifty500 |   ⚠️  No data for InterGlobe Aviation Ltd. (INTERGLOBE.NS)
2026-06-18 18:22:45 | WARNING | nifty500 |   ⚠️  No data for Bharti Hexacom Ltd. (BHARTI.NS)
2026-06-18 18:22:48 | WARNING | nifty500 |   ⚠️  No data for GMR Airports Ltd. (GMR.NS)
2026-06-18 18:22:49 | INFO    | nifty500 |    Progress: 475/498 (95.4%)
2026-06-18 18:22:50 | WARNING | nifty500 |   ⚠️  No data for Indus Towers Ltd. (INDUS.NS)
2026-06-18 18:22:51 | WARNING | nifty500 |   ⚠️  No data for JSW Infrastructure Ltd. (JSW.NS)
2026-06-18 18:22:55 | WARNING | nifty500 |   ⚠️  No data for Container Corporation of India Ltd. (CONTAINER.NS)
2026-06-18 18:23:00 | WARNING | nifty500 |   ⚠️  No data for Firstsource Solutions Ltd. (FIRSTSOURCE.NS)
2026-06-18 18:23:06 | WARNING | nifty500 |   ⚠️  No data for Great Eastern Shipping Co. Ltd. (GREAT.NS)
2026-06-18 18:23:08 | WARNING | nifty500 |   ⚠️  No data for International Gemmological Institute (India) Ltd. (INTERNATIONAL.NS)
2026-06-18 18:23:10 | WARNING | nifty500 |   ⚠️  No data for Blue Dart Express Ltd. (BLUE.NS)
2026-06-18 18:23:11 | WARNING | nifty500 |   ⚠️  No data for Tata Communications Ltd. (TATA.NS)
2026-06-18 18:23:14 | WARNING | nifty500 |   ⚠️  No data for Tata Teleservices (Maharashtra) Ltd. (TATA.NS)
2026-06-18 18:23:15 | WARNING | nifty500 |   ⚠️  No data for Tejas Networks Ltd. (TEJAS.NS)
2026-06-18 18:23:17 | WARNING | nifty500 |   ⚠️  No data for Vodafone Idea Ltd. (VODAFONE.NS)
2026-06-18 18:23:18 | WARNING | nifty500 |   ⚠️  No data for Alok Industries Ltd. (ALOK.NS)
2026-06-18 18:23:20 | WARNING | nifty500 |   ⚠️  No data for K.P.R. Mill Ltd. (KPR.NS)
2026-06-18 18:23:21 | WARNING | nifty500 |   ⚠️  No data for Page Industries Ltd. (PAGE.NS)
2026-06-18 18:23:25 | WARNING | nifty500 |   ⚠️  No data for Vardhman Textiles Ltd. (VARDHMAN.NS)
2026-06-18 18:23:26 | WARNING | nifty500 |   ⚠️  No data for Welspun Living Ltd. (WELSPUN.NS)
2026-06-18 18:23:27 | INFO    | nifty500 | ✅ Nifty 500 done. 498 rows → C:\Users\tejas\OneDrive\Desktop\portfolio-automation\portfolio-automation\output\nifty500_latest.csv
2026-06-18 18:23:27 | INFO    | sp500 | 📊 Starting S&P 500 fetch for 503 tickers…
2026-06-18 18:24:01 | INFO    | sp500 |    Progress: 25/503 (5.0%)
2026-06-18 18:24:40 | INFO    | sp500 |    Progress: 50/503 (9.9%)
2026-06-18 18:25:20 | INFO    | sp500 |    Progress: 75/503 (14.9%)
2026-06-18 18:25:52 | INFO    | sp500 |    Progress: 100/503 (19.9%)
2026-06-18 18:26:16 | INFO    | sp500 |    Progress: 125/503 (24.9%)
2026-06-18 18:26:21 | WARNING | sp500 |   ⚠️  No data for DAY
2026-06-18 18:26:40 | INFO    | sp500 |    Progress: 150/503 (29.8%)
2026-06-18 18:27:04 | INFO    | sp500 |    Progress: 175/503 (34.8%)
2026-06-18 18:27:36 | INFO    | sp500 |    Progress: 200/503 (39.8%)
2026-06-18 18:28:03 | INFO    | sp500 |    Progress: 225/503 (44.7%)
2026-06-18 18:28:07 | WARNING | sp500 |   ⚠️  No data for HOLX
2026-06-18 18:28:30 | INFO    | sp500 |    Progress: 250/503 (49.7%)
2026-06-18 18:28:56 | INFO    | sp500 |    Progress: 275/503 (54.7%)
2026-06-18 18:29:22 | INFO    | sp500 |    Progress: 300/503 (59.6%)
2026-06-18 18:29:46 | INFO    | sp500 |    Progress: 325/503 (64.6%)
2026-06-18 18:30:10 | INFO    | sp500 |    Progress: 350/503 (69.6%)
2026-06-18 18:30:35 | INFO    | sp500 |    Progress: 375/503 (74.6%)
2026-06-18 18:31:01 | INFO    | sp500 |    Progress: 400/503 (79.5%)
2026-06-18 18:31:25 | INFO    | sp500 |    Progress: 425/503 (84.5%)
2026-06-18 18:31:49 | INFO    | sp500 |    Progress: 450/503 (89.5%)
2026-06-18 18:32:28 | INFO    | sp500 |    Progress: 475/503 (94.4%)
2026-06-18 18:32:53 | INFO    | sp500 |    Progress: 500/503 (99.4%)
2026-06-18 18:32:56 | INFO    | sp500 | ✅ S&P 500 done. 503 rows → C:\Users\tejas\OneDrive\Desktop\portfolio-automation\portfolio-automation\output\sp500_latest.csv
2026-06-18 18:32:56 | INFO    | mutual_funds | 🚀 Starting EQUITY MF fetch…
2026-06-18 18:32:56 | INFO    | mutual_funds | 📥 Downloading AMFI NAV master file…
2026-06-18 18:32:57 | INFO    | mutual_funds |    AMFI: parsed 14215 schemes
2026-06-18 18:32:57 | INFO    | mutual_funds | 🔗 Matching 1649 user schemes to AMFI master…
2026-06-18 18:50:14 | INFO    | mutual_funds |    Matched 1640/1649 (99.5%)
2026-06-18 18:50:14 | INFO    | mutual_funds | ⏳ Computing analytics for 1649 schemes (this takes time — be patient)…
2026-06-18 18:51:33 | INFO    | mutual_funds |    Progress: 50/1649 (3.0%)
2026-06-18 18:52:38 | INFO    | mutual_funds |    Progress: 100/1649 (6.1%)
2026-06-18 18:54:55 | INFO    | mutual_funds |    Progress: 150/1649 (9.1%)
2026-06-18 18:56:35 | INFO    | mutual_funds |    Progress: 200/1649 (12.1%)
2026-06-18 18:57:42 | INFO    | mutual_funds |    Progress: 250/1649 (15.2%)
2026-06-18 18:58:43 | INFO    | mutual_funds |    Progress: 300/1649 (18.2%)
2026-06-18 19:00:12 | INFO    | mutual_funds |    Progress: 350/1649 (21.2%)
2026-06-18 19:01:37 | INFO    | mutual_funds |    Progress: 400/1649 (24.3%)
2026-06-18 19:03:32 | INFO    | mutual_funds |    Progress: 450/1649 (27.3%)
